<?xml version="1.0" encoding="UTF-8"?>
<testng-results skipped="0" failed="0" ignored="0" total="2" passed="2">
  <reporter-output>
  </reporter-output>
  <suite name="Default suite" duration-ms="845" started-at="2021-04-18T15:58:03 EDT" finished-at="2021-04-18T15:58:04 EDT">
    <groups>
    </groups>
    <test name="Default test" duration-ms="845" started-at="2021-04-18T15:58:03 EDT" finished-at="2021-04-18T15:58:04 EDT">
      <class name="Report.Extentreport.extentReport">
        <test-method status="PASS" signature="config()[pri:0, instance:Report.Extentreport.extentReport@694e1548]" name="config" is-config="true" duration-ms="313" started-at="2021-04-18T15:58:03 EDT" finished-at="2021-04-18T15:58:03 EDT">
          <reporter-output>
          </reporter-output>
        </test-method> <!-- config -->
        <test-method status="PASS" signature="facebookLogin()[pri:0, instance:Report.Extentreport.extentReport@694e1548]" name="facebookLogin" duration-ms="458" started-at="2021-04-18T15:58:04 EDT" finished-at="2021-04-18T15:58:04 EDT">
          <reporter-output>
          </reporter-output>
        </test-method> <!-- facebookLogin -->
        <test-method status="PASS" signature="facebookLogout()[pri:0, instance:Report.Extentreport.extentReport@694e1548]" name="facebookLogout" duration-ms="33" started-at="2021-04-18T15:58:04 EDT" finished-at="2021-04-18T15:58:04 EDT">
          <reporter-output>
          </reporter-output>
        </test-method> <!-- facebookLogout -->
      </class> <!-- Report.Extentreport.extentReport -->
    </test> <!-- Default test -->
  </suite> <!-- Default suite -->
</testng-results>
